<?xml version="1.0" encoding="UTF-8"?>
<!-- Generated by org.testng.reporters.JUnitReportReporter -->
<testsuite hostname="DESKTOP-JH6HKVT" failures="0" tests="3" name="com.MyEcom.testcase.SignInPageTest" time="118.356" errors="0" timestamp="2022-09-20T08:31:20 IST" skipped="0">
  <testcase classname="com.MyEcom.testcase.SignInPageTest" name="signup" time="31.288"/>
  <system-out/>
  <testcase classname="com.MyEcom.testcase.SignInPageTest" name="login" time="33.964"/>
  <system-out/>
  <testcase classname="com.MyEcom.testcase.SignInPageTest" name="signUpDetalis" time="53.104"/>
  <system-out/>
</testsuite> <!-- com.MyEcom.testcase.SignInPageTest -->
